Построение начато 15.06.2023 21:06:33.
     1>Проект "C:\Users\Home\OneDrive\документы\visual studio 2010\Projects\KRabTPR\KRabTPR\KRabTPR.vcxproj" в узле 2 (целевые объекты build).
     1>InitializeBuildStatus:
         Создание "Debug\KRabTPR.unsuccessfulbuild", так как было задано "AlwaysCreate".
       ClCompile:
         Для всех выходных данных обновления не требуется.
         c:\Program Files (x86)\Microsoft Visual Studio 10.0\VC\bin\CL.exe /c /ZI /nologo /W3 /WX- /Od /Oy- /D WIN32 /D _DEBUG /D _CONSOLE /D _UNICODE /D UNICODE /Gm /EHsc /RTC1 /MDd /GS /fp:precise /Zc:wchar_t /Zc:forScope /Yu"StdAfx.h" /Fp"Debug\KRabTPR.pch" /Fo"Debug\\" /Fd"Debug\vc100.pdb" /Gd /TP /analyze- /errorReport:prompt KRabTPR.cpp
         KRabTPR.cpp
     1>c:\users\home\onedrive\документы\visual studio 2010\projects\krabtpr\krabtpr\krabtpr.cpp(40): warning C4305: =: усечение из "double" к "float"
     1>c:\users\home\onedrive\документы\visual studio 2010\projects\krabtpr\krabtpr\krabtpr.cpp(251): warning C4244: аргумент: преобразование "double" в "float", возможна потеря данных
     1>c:\users\home\onedrive\документы\visual studio 2010\projects\krabtpr\krabtpr\krabtpr.cpp(299): warning C4244: инициализация: преобразование "int" в "float", возможна потеря данных
     1>c:\users\home\onedrive\документы\visual studio 2010\projects\krabtpr\krabtpr\krabtpr.cpp(377): warning C4244: инициализация: преобразование "double" в "float", возможна потеря данных
     1>c:\users\home\onedrive\документы\visual studio 2010\projects\krabtpr\krabtpr\krabtpr.cpp(379): warning C4305: *=: усечение из "double" к "float"
     1>c:\users\home\onedrive\документы\visual studio 2010\projects\krabtpr\krabtpr\krabtpr.cpp(551): warning C4244: +=: преобразование "double" в "float", возможна потеря данных
     1>c:\users\home\onedrive\документы\visual studio 2010\projects\krabtpr\krabtpr\krabtpr.cpp(554): warning C4244: +=: преобразование "double" в "float", возможна потеря данных
     1>c:\users\home\onedrive\документы\visual studio 2010\projects\krabtpr\krabtpr\krabtpr.cpp(561): warning C4244: инициализация: преобразование "double" в "float", возможна потеря данных
     1>c:\users\home\onedrive\документы\visual studio 2010\projects\krabtpr\krabtpr\krabtpr.cpp(577): warning C4244: +=: преобразование "double" в "float", возможна потеря данных
     1>c:\users\home\onedrive\документы\visual studio 2010\projects\krabtpr\krabtpr\krabtpr.cpp(580): warning C4244: +=: преобразование "double" в "float", возможна потеря данных
     1>c:\users\home\onedrive\документы\visual studio 2010\projects\krabtpr\krabtpr\krabtpr.cpp(600): warning C4244: +=: преобразование "double" в "float", возможна потеря данных
     1>c:\users\home\onedrive\документы\visual studio 2010\projects\krabtpr\krabtpr\krabtpr.cpp(603): warning C4244: +=: преобразование "double" в "float", возможна потеря данных
     1>c:\users\home\onedrive\документы\visual studio 2010\projects\krabtpr\krabtpr\krabtpr.cpp(625): warning C4244: +=: преобразование "double" в "float", возможна потеря данных
     1>c:\users\home\onedrive\документы\visual studio 2010\projects\krabtpr\krabtpr\krabtpr.cpp(631): warning C4244: +=: преобразование "double" в "float", возможна потеря данных
     1>c:\users\home\onedrive\документы\visual studio 2010\projects\krabtpr\krabtpr\krabtpr.cpp(634): warning C4244: +=: преобразование "double" в "float", возможна потеря данных
     1>c:\users\home\onedrive\документы\visual studio 2010\projects\krabtpr\krabtpr\krabtpr.cpp(658): warning C4244: =: преобразование "const int" в "float", возможна потеря данных
     1>c:\users\home\onedrive\документы\visual studio 2010\projects\krabtpr\krabtpr\krabtpr.cpp(663): warning C4305: инициализация: усечение из "double" к "float"
     1>c:\users\home\onedrive\документы\visual studio 2010\projects\krabtpr\krabtpr\krabtpr.cpp(663): warning C4305: инициализация: усечение из "double" к "float"
       ManifestResourceCompile:
         Для всех выходных данных обновления не требуется.
       Link:
         c:\Program Files (x86)\Microsoft Visual Studio 10.0\VC\bin\link.exe /ERRORREPORT:PROMPT /OUT:"C:\Users\Home\onedrive\документы\visual studio 2010\Projects\KRabTPR\Debug\KRabTPR.exe" /INCREMENTAL /NOLOGO kernel32.lib user32.lib gdi32.lib winspool.lib comdlg32.lib advapi32.lib shell32.lib ole32.lib oleaut32.lib uuid.lib odbc32.lib odbccp32.lib /MANIFEST /ManifestFile:"Debug\KRabTPR.exe.intermediate.manifest" /MANIFESTUAC:"level='asInvoker' uiAccess='false'" /DEBUG /PDB:"C:\Users\Home\onedrive\документы\visual studio 2010\Projects\KRabTPR\Debug\KRabTPR.pdb" /SUBSYSTEM:CONSOLE /TLBID:1 /DYNAMICBASE /NXCOMPAT /IMPLIB:"C:\Users\Home\onedrive\документы\visual studio 2010\Projects\KRabTPR\Debug\KRabTPR.lib" /MACHINE:X86 Debug\KRabTPR.exe.embed.manifest.res
         Debug\KRabTPR.obj
         Debug\stdafx.obj
       Manifest:
         c:\Program Files (x86)\Microsoft SDKs\Windows\v7.0A\bin\mt.exe /nologo /verbose /out:"Debug\KRabTPR.exe.embed.manifest" /manifest Debug\KRabTPR.exe.intermediate.manifest
         Для всех выходных данных обновления не требуется.
       LinkEmbedManifest:
         Для всех выходных данных обновления не требуется.
         KRabTPR.vcxproj -> C:\Users\Home\onedrive\документы\visual studio 2010\Projects\KRabTPR\Debug\KRabTPR.exe
       FinalizeBuildStatus:
         Файл "Debug\KRabTPR.unsuccessfulbuild" удаляется.
         Обращение к "Debug\KRabTPR.lastbuildstate".
     1>Построение проекта "C:\Users\Home\OneDrive\документы\visual studio 2010\Projects\KRabTPR\KRabTPR\KRabTPR.vcxproj" завершено (целевые объекты build).

Построение успешно завершено.

Затраченное время: 00:00:02.52
